{"@timestamp":"2026-02-05T03:54:02.8618418+05:30","level":"INFO","logger_name":"com.riskscanner.dependencyriskanalyzer.RiskScannerApplicationTests","message":"Starting RiskScannerApplicationTests using Java 21.0.2 with PID 27224 (started by PrinceSingh in C:\\Users\\PrinceSingh\\Sciforma\\Risk Scanner)"}
{"@timestamp":"2026-02-05T03:54:02.8960737+05:30","level":"INFO","logger_name":"com.riskscanner.dependencyriskanalyzer.RiskScannerApplicationTests","message":"No active profile set, falling back to 1 default profile: \"default\""}
{"@timestamp":"2026-02-05T03:54:10.9285905+05:30","level":"INFO","logger_name":"org.hibernate.jpa.internal.util.LogHelper","message":"HHH000204: Processing PersistenceUnitInfo [name: default]"}
{"@timestamp":"2026-02-05T03:54:11.0768975+05:30","level":"INFO","logger_name":"org.hibernate.Version","message":"HHH000412: Hibernate ORM core version 6.6.5.Final"}
{"@timestamp":"2026-02-05T03:54:11.1317794+05:30","level":"INFO","logger_name":"org.hibernate.cache.internal.RegionFactoryInitiator","message":"HHH000026: Second-level cache disabled"}
{"@timestamp":"2026-02-05T03:54:12.3330233+05:30","level":"INFO","logger_name":"com.zaxxer.hikari.HikariDataSource","message":"HikariPool-1 - Starting..."}
{"@timestamp":"2026-02-05T03:54:12.6793405+05:30","level":"INFO","logger_name":"com.zaxxer.hikari.pool.HikariPool","message":"HikariPool-1 - Added connection conn0: url=jdbc:h2:file:./data/risk-scanner user=SA"}
{"@timestamp":"2026-02-05T03:54:12.6817301+05:30","level":"INFO","logger_name":"com.zaxxer.hikari.HikariDataSource","message":"HikariPool-1 - Start completed."}
{"@timestamp":"2026-02-05T03:54:12.759532+05:30","level":"INFO","logger_name":"org.hibernate.orm.connections.pooling","message":"HHH10001005: Database info:\n\tDatabase JDBC URL [Connecting through datasource 'HikariDataSource (HikariPool-1)']\n\tDatabase driver: undefined/unknown\n\tDatabase version: 2.3.232\n\tAutocommit mode: undefined/unknown\n\tIsolation level: undefined/unknown\n\tMinimum pool size: undefined/unknown\n\tMaximum pool size: undefined/unknown"}
{"@timestamp":"2026-02-05T03:54:13.9289171+05:30","level":"INFO","logger_name":"org.hibernate.engine.transaction.jta.platform.internal.JtaPlatformInitiator","message":"HHH000489: No JTA platform available (set 'hibernate.transaction.jta.platform' to enable JTA platform integration)"}
{"@timestamp":"2026-02-05T03:54:13.9798398+05:30","level":"DEBUG","logger_name":"org.hibernate.SQL","message":"alter table if exists dependency_risk_cache drop constraint if exists UKwkvcwn38drkvemgd1allfhsy"}
{"@timestamp":"2026-02-05T03:54:13.9818482+05:30","level":"DEBUG","logger_name":"org.hibernate.SQL","message":"alter table if exists dependency_risk_cache add constraint UKwkvcwn38drkvemgd1allfhsy unique (group_id, artifact_id, version, provider, model)"}
{"@timestamp":"2026-02-05T03:54:16.1309545+05:30","level":"DEBUG","logger_name":"com.riskscanner.dependencyriskanalyzer.service.dependency.DependencyResolverFactory","message":"Available dependency resolvers: [GradleDependencyResolver, GradleExecutionDependencyResolver, MavenDependencyResolver]"}
{"@timestamp":"2026-02-05T03:54:16.9690719+05:30","level":"INFO","logger_name":"com.riskscanner.dependencyriskanalyzer.service.vulnerability.VulnerabilityCacheService","message":"Vulnerability cache directory: C:\\Users\\PrinceSingh\\.riskscanner\\vulnerability-cache"}
{"@timestamp":"2026-02-05T03:54:17.0719663+05:30","level":"INFO","logger_name":"com.riskscanner.dependencyriskanalyzer.service.vulnerability.VulnerabilityMatchingService","message":"Initialized vulnerability matching service with 4 providers: [GitHub Advisory Database, Maven Central, National Vulnerability Database, Open Source Vulnerability Database]"}
{"@timestamp":"2026-02-05T03:54:20.2479909+05:30","level":"INFO","logger_name":"com.riskscanner.dependencyriskanalyzer.RiskScannerApplicationTests","message":"Started RiskScannerApplicationTests in 18.61 seconds (process running for 20.582)"}
{"@timestamp":"2026-02-05T03:54:22.7474081+05:30","level":"DEBUG","logger_name":"com.riskscanner.dependencyriskanalyzer.service.vulnerability.VulnerabilityExplanationService","message":"AI not configured, skipping explanation for CVE-2024-TEST:com.example:test-library"}
{"@timestamp":"2026-02-05T03:54:22.8114814+05:30","level":"DEBUG","logger_name":"com.riskscanner.dependencyriskanalyzer.service.vulnerability.VulnerabilityExplanationService","message":"AI not configured, skipping explanation for CVE-2024-TEST:com.example:test-library"}
{"@timestamp":"2026-02-05T03:54:22.8114814+05:30","level":"DEBUG","logger_name":"com.riskscanner.dependencyriskanalyzer.service.vulnerability.VulnerabilityExplanationService","message":"AI not configured, skipping explanation for CVE-2024-TEST:com.example:test-library"}
{"@timestamp":"2026-02-05T03:54:22.9546679+05:30","level":"INFO","logger_name":"com.zaxxer.hikari.HikariDataSource","message":"HikariPool-1 - Shutdown initiated..."}
{"@timestamp":"2026-02-05T03:54:22.9650509+05:30","level":"INFO","logger_name":"com.zaxxer.hikari.HikariDataSource","message":"HikariPool-1 - Shutdown completed."}
